feature/build/outputs/logs/manifest-merger-debug-report.txt
-- Merging decision tree log ---
manifest
ADDED from src/main/AndroidManifest.xml:2:1-83:12
INJECTED from src/main/AndroidManifest.xml:2:1-83:12
INJECTED from src/main/AndroidManifest.xml:2:1-83:12
INJECTED from src/main/AndroidManifest.xml:2:1-83:12
INJECTED from src/main/AndroidManifest.xml:2:1-83:12
INJECTED from src/main/AndroidManifest.xml:2:1-83:12
INJECTED from src/main/AndroidManifest.xml:2:1-83:12
	package
		ADDED from src/main/AndroidManifest.xml:3:5-42
		INJECTED from src/main/AndroidManifest.xml
		INJECTED from src/main/AndroidManifest.xml
	android:versionName
		INJECTED from src/main/AndroidManifest.xml
		ADDED from src/main/AndroidManifest.xml:2:1-83:12
		INJECTED from src/main/AndroidManifest.xml
	android:versionCode
		INJECTED from src/main/AndroidManifest.xml
		ADDED from src/main/AndroidManifest.xml:2:1-83:12
		INJECTED from src/main/AndroidManifest.xml
	xmlns:android
		ADDED from src/main/AndroidManifest.xml:2:11-69
application
ADDED from src/main/AndroidManifest.xml:5:5-81:19
activity#com.yblee.splitbill.feature.MainActivity
ADDED from src/main/AndroidManifest.xml:6:9-26:20
	android:label
		ADDED from src/main/AndroidManifest.xml:8:13-45
	android:theme
		ADDED from src/main/AndroidManifest.xml:9:13-56
	android:name
		ADDED from src/main/AndroidManifest.xml:7:13-41
intent-filter#android.intent.action.VIEW+android.intent.category.BROWSABLE+android.intent.category.DEFAULT
ADDED from src/main/AndroidManifest.xml:10:13-20:29
	android:order
		ADDED from src/main/AndroidManifest.xml:10:28-45
action#android.intent.action.VIEW
ADDED from src/main/AndroidManifest.xml:11:17-69
	android:name
		ADDED from src/main/AndroidManifest.xml:11:25-66
category#android.intent.category.BROWSABLE
ADDED from src/main/AndroidManifest.xml:13:17-78
	android:name
		ADDED from src/main/AndroidManifest.xml:13:27-75
category#android.intent.category.DEFAULT
ADDED from src/main/AndroidManifest.xml:14:17-76
	android:name
		ADDED from src/main/AndroidManifest.xml:14:27-73
data
ADDED from src/main/AndroidManifest.xml:16:17-19:46
	android:host
		ADDED from src/main/AndroidManifest.xml:17:21-45
	android:scheme
		ADDED from src/main/AndroidManifest.xml:19:21-43
	android:pathPattern
		ADDED from src/main/AndroidManifest.xml:18:21-46
intent-filter#android.intent.action.MAIN+android.intent.category.LAUNCHER
ADDED from src/main/AndroidManifest.xml:21:13-25:29
action#android.intent.action.MAIN
ADDED from src/main/AndroidManifest.xml:22:17-69
	android:name
		ADDED from src/main/AndroidManifest.xml:22:25-66
category#android.intent.category.LAUNCHER
ADDED from src/main/AndroidManifest.xml:24:17-77
	android:name
		ADDED from src/main/AndroidManifest.xml:24:27-74
activity#com.yblee.splitbill.feature.Create
ADDED from src/main/AndroidManifest.xml:27:9-39:20
	android:name
		ADDED from src/main/AndroidManifest.xml:27:19-41
activity#com.yblee.splitbill.feature.CurrentExpences
ADDED from src/main/AndroidManifest.xml:40:9-52:20
	android:name
		ADDED from src/main/AndroidManifest.xml:40:19-50
activity#com.yblee.splitbill.feature.Expences
ADDED from src/main/AndroidManifest.xml:53:9-65:20
	android:name
		ADDED from src/main/AndroidManifest.xml:53:19-43
activity#com.yblee.splitbill.feature.Add_Contacts
ADDED from src/main/AndroidManifest.xml:66:9-80:20
	android:label
		ADDED from src/main/AndroidManifest.xml:68:13-65
	android:name
		ADDED from src/main/AndroidManifest.xml:67:13-41
uses-sdk
INJECTED from src/main/AndroidManifest.xml reason: use-sdk injection requested
INJECTED from src/main/AndroidManifest.xml
INJECTED from src/main/AndroidManifest.xml
INJECTED from src/main/AndroidManifest.xml
INJECTED from src/main/AndroidManifest.xml
	android:targetSdkVersion
		INJECTED from src/main/AndroidManifest.xml
		ADDED from src/main/AndroidManifest.xml
		INJECTED from src/main/AndroidManifest.xml
	android:minSdkVersion
		INJECTED from src/main/AndroidManifest.xml
		ADDED from src/main/AndroidManifest.xml
		INJECTED from src/main/AndroidManifest.xml